<?xml version="1.0" encoding="UTF-8"?>
<testng-results ignored="0" total="1" passed="1" failed="0" skipped="0">
  <reporter-output>
  </reporter-output>
  <suite started-at="2026-09-12T17:48:40 IST" name="Surefire suite" finished-at="2026-09-12T17:48:45 IST" duration-ms="4618">
    <groups>
      <group name="cucumber">
        <method signature="AbstractTestNGCucumberTests.runScenario(io.cucumber.testng.PickleWrapper,io.cucumber.testng.FeatureWrapper)[pri:0, instance:com.automation.runners.TestNGTestRunner@79ad8b2f]" name="runScenario" class="io.cucumber.testng.AbstractTestNGCucumberTests"/>
      </group> <!-- cucumber -->
    </groups>
    <test started-at="2026-09-12T17:48:40 IST" name="Surefire test" finished-at="2026-09-12T17:48:45 IST" duration-ms="4618">
      <class name="com.automation.runners.TestNGTestRunner">
        <test-method is-config="true" signature="setUpClass(org.testng.ITestContext)[pri:0, instance:com.automation.runners.TestNGTestRunner@79ad8b2f]" started-at="2026-09-12T17:48:40 IST" name="setUpClass" finished-at="2026-09-12T17:48:40 IST" duration-ms="220" status="PASS">
          <params>
            <param index="0">
              <value>
                <![CDATA[org.testng.TestRunner@42e99e4a]]>
              </value>
            </param>
          </params>
          <reporter-output>
          </reporter-output>
        </test-method> <!-- setUpClass -->
        <test-method signature="runScenario(io.cucumber.testng.PickleWrapper,io.cucumber.testng.FeatureWrapper)[pri:0, instance:com.automation.runners.TestNGTestRunner@79ad8b2f]" started-at="2026-09-12T17:48:40 IST" name="runScenario" description="Runs Cucumber Scenarios" data-provider="scenarios" finished-at="2026-09-12T17:48:44 IST" duration-ms="4293" status="PASS">
          <params>
            <param index="0">
              <value>
                <![CDATA["Verify the Amazon India search result contains the requested Bip Max smartwatch description"]]>
              </value>
            </param>
            <param index="1">
              <value>
                <![CDATA["Amazon.in Search Result Description Validation"]]>
              </value>
            </param>
          </params>
          <reporter-output>
          </reporter-output>
        </test-method> <!-- runScenario -->
        <test-method is-config="true" signature="tearDownClass()[pri:0, instance:com.automation.runners.TestNGTestRunner@79ad8b2f]" started-at="2026-09-12T17:48:44 IST" name="tearDownClass" finished-at="2026-09-12T17:48:45 IST" duration-ms="93" status="PASS">
          <reporter-output>
          </reporter-output>
        </test-method> <!-- tearDownClass -->
      </class> <!-- com.automation.runners.TestNGTestRunner -->
    </test> <!-- Surefire test -->
  </suite> <!-- Surefire suite -->
</testng-results>
