<?xml version="1.0" encoding="UTF-8"?>
<testsuite xmlns:xsi="http://www.w3.org/2001/XMLSchema-instance" xsi:noNamespaceSchemaLocation="https://maven.apache.org/surefire/maven-surefire-plugin/xsd/surefire-test-report.xsd" version="3.0.2" name="com.automation.runners.TestNGTestRunner" time="4.737" tests="1" errors="0" skipped="0" failures="0">
  <properties>
[...]
</properties>
  <testcase name="runScenario[&quot;Verify the Amazon India search result contains the requested Bip Max smartwatch description&quot;, &quot;Amazon.in Search Result Description Validation&quot;](1)" classname="com.automation.runners.TestNGTestRunner" time="4.293">
    <system-out><![CDATA[
@Amazon @Regression
Scenario: Verify the Amazon India search result contains the requested Bip Max smartwatch description                                                                                                                                                  # src/test/resources/features/AmazonSearch.feature:4
2026-09-12 17:48:40.842 [TestNG-PoolService-1] INFO  com.automation.utils.Log - [Thread: 38] ==========================================================================================
2026-09-12 17:48:40.843 [TestNG-PoolService-1] INFO  com.automation.utils.Log - [Thread: 38] STARTING SCENARIO: Verify the Amazon India search result contains the requested Bip Max smartwatch description
2026-09-12 17:48:40.843 [TestNG-PoolService-1] INFO  com.automation.utils.Log - [Thread: 38] ==========================================================================================
2026-09-12 17:48:41.530 [TestNG-PoolService-1] INFO  com.automation.utils.Log - [Thread: 38] Initialized ChromeDriver instance successfully for Thread ID: 38
2026-09-12 17:48:41.536 [TestNG-PoolService-1] INFO  com.automation.utils.Log - [Thread: 38] Navigating to Amazon India page: https://www.amazon.in
  Given user navigates to "https://www.amazon.in"                                                                                                                                                                                                      # com.automation.stepdefinitions.AmazonSteps.userNavigatesTo(java.lang.String)
2026-09-12 17:48:43.007 [TestNG-PoolService-1] INFO  com.automation.utils.Log - [Thread: 38] Searching Amazon.in for: amaze fit max bip
  When user searches for "amaze fit max bip"                                                                                                                                                                                                           # com.automation.stepdefinitions.AmazonSteps.userSearchesFor(java.lang.String)
2026-09-12 17:48:43.083 [TestNG-PoolService-1] INFO  com.automation.utils.Log - [Thread: 38] Clicking Amazon.in search icon
  And user clicks search icon                                                                                                                                                                                                                          # com.automation.stepdefinitions.AmazonSteps.userClicksSearchIcon()
2026-09-12 17:48:44.745 [TestNG-PoolService-1] INFO  com.automation.utils.Log - [Thread: 38] Checking if Amazon search result contains requested product description.
  Then user verifies the search result description "Bip Max 50mm Smartwatch, 2.07\" AMOLED Display, 20 Days of Battery, GPS, 4GB Storage, Offline Maps, Fitness Tracker, Hybrid Training, 150+ Sports, HYROX Mode, 5 ATM for Android & iPhone, Silver" # com.automation.stepdefinitions.AmazonSteps.userVerifiesTheSearchResultDescription(java.lang.String)
2026-09-12 17:48:44.886 [TestNG-PoolService-1] INFO  com.automation.utils.Log - [Thread: 38] Scenario [Verify the Amazon India search result contains the requested Bip Max smartwatch description] marked as PASSED.
2026-09-12 17:48:44.970 [TestNG-PoolService-1] INFO  com.automation.utils.Log - [Thread: 38] Terminated WebDriver instance cleanly for Thread ID: 38
2026-09-12 17:48:44.971 [TestNG-PoolService-1] INFO  com.automation.utils.Log - [Thread: 38] ==========================================================================================
2026-09-12 17:48:44.971 [TestNG-PoolService-1] INFO  com.automation.utils.Log - [Thread: 38] COMPLETED SCENARIO: Verify the Amazon India search result contains the requested Bip Max smartwatch description
2026-09-12 17:48:44.971 [TestNG-PoolService-1] INFO  com.automation.utils.Log - [Thread: 38] ==========================================================================================
]]></system-out>
    <system-err><![CDATA[SLF4J: Failed to load class "org.slf4j.impl.StaticLoggerBinder".
SLF4J: Defaulting to no-operation (NOP) logger implementation
SLF4J: See http://www.slf4j.org/codes.html#StaticLoggerBinder for further details.
Sept 12, 2026 5:48:41 PM org.openqa.selenium.devtools.CdpVersionFinder findNearestMatch
WARNING: Unable to find CDP implementation matching 153
Sept 12, 2026 5:48:41 PM org.openqa.selenium.chromium.ChromiumDriver lambda$new$5
WARNING: Unable to find version of CDP to use for 153.0.8010.36. You may need to include a dependency on a specific version of the CDP using something similar to `org.seleniumhq.selenium:selenium-devtools-v86:4.26.0` where the version ("v86") matches the version of the chromium-based browser you're using and the version number of the artifact is the same as Selenium's.
]]></system-err>
  </testcase>
</testsuite>